<?xml version="1.0" encoding="UTF-8"?>
<testsuite name="productdatabaseaccesslayer.ProductCatalogDataSourceIntegrationTest" tests="2" skipped="0" failures="0" errors="0" timestamp="2026-08-05T15:09:22.884Z" hostname="MIGUELRIOS" time="5.316">
  <properties/>
  <testcase name="gets a product by slug()" classname="productdatabaseaccesslayer.ProductCatalogDataSourceIntegrationTest" time="1.121"/>
  <testcase name="gets all products from the catalog()" classname="productdatabaseaccesslayer.ProductCatalogDataSourceIntegrationTest" time="4.194"/>
  <system-out><![CDATA[Product-by-slug response:
{"id":1864,"slug":"alabaster-brick","title":"Alabaster Brick","description":"<p>Alabaster brick is a versatile material that can work well with natural or artificial light to create the desired effect.<\/p><br \/>\n<p>Alabaster is a name applied to varieties of two distinct minerals: gypsum, a hydrous sulphate of calcium, and calcite, a carbonate of calcium. The former is the alabaster of the present day. The latter is generally the one known to the ancients.<\/p><br \/>\n<p>The two kinds are readily distinguished by their relative hardnesses. The gypsum kind is soft enough to be scratched by a fingernail, with a hardness of 1.5 to 2. The calcite kind is too hard to be scratched in this way, with a hardness of 3, though it does yield readily to a knife. Calcite alabaster, being a carbonate, effervesces on contact with hydrochloric acid, whereas gypsum alabaster remains practically unaffected.<\/p><br \/>\n<p>De Ferranti not only commissions ancient objects from this material, but has a
Products-all response sample:
[{"id":1864,"title":"Alabaster Brick","slug":"alabaster-brick","url":"https:\/\/cms.deferranti.com\/product\/alabaster-brick\/","modified_gmt":"2026-07-07T09:24:09+00:00","parent_id":0,"category_id":1759,"category":"Alabaster Art \u2013 Slabs Tiles Mosaic & Bricks","category_slug":"alabaster-art-slabs-tiles-mosaic-bricks","subcategory_id":null,"subcategory":null,"subcategory_slug":null,"assigned_category_id":1759,"assigned_category":"Alabaster Art \u2013 Slabs Tiles Mosaic & Bricks","assigned_category_slug":"alabaster-art-slabs-tiles-mosaic-bricks","image":"https:\/\/cms.deferranti.com\/wp-content\/uploads\/2026\/03\/de-ferranti-alabaster-art-slabs-tiles-mosaic-bricks-alabaster-brick-01.jpg","image_width":589,"image_height":385,"image_ratio":1.5298701298701298245674706777208484709262847900390625,"image_blurhash":"","additional_images":[{"id":5654,"url":"https:\/\/cms.deferranti.com\/wp-content\/uploads\/2026\/03\/de-ferranti-alabaster-art-slabs-tiles-mosaic-bricks-alabaster-brick-1.jpg
]]></system-out>
  <system-err><![CDATA[]]></system-err>
</testsuite>
