<?xml version="1.0" encoding="UTF-8"?>
<testsuite name="services.DefaultShoppingCartServiceTest" tests="3" skipped="0" failures="0" errors="0" timestamp="2026-08-05T15:09:28.200Z" hostname="MIGUELRIOS" time="0.018">
  <properties/>
  <testcase name="does not add an unknown product()" classname="services.DefaultShoppingCartServiceTest" time="0.015"/>
  <testcase name="creates and saves an empty cart()" classname="services.DefaultShoppingCartServiceTest" time="0.001"/>
  <testcase name="adds an existing product to a cart()" classname="services.DefaultShoppingCartServiceTest" time="0.001"/>
  <system-out><![CDATA[]]></system-out>
  <system-err><![CDATA[]]></system-err>
</testsuite>
