<?xml version="1.0" encoding="UTF-8"?>
<testsuite name="db.offline.InMemoryShoppingCartRepositoryTest" tests="4" skipped="0" failures="0" errors="0" timestamp="2026-08-05T15:09:22.853Z" hostname="MIGUELRIOS" time="0.03">
  <properties/>
  <testcase name="saves and gets a cart()" classname="db.offline.InMemoryShoppingCartRepositoryTest" time="0.013"/>
  <testcase name="deletes an existing cart()" classname="db.offline.InMemoryShoppingCartRepositoryTest" time="0.001"/>
  <testcase name="returns false when deleting an unknown cart()" classname="db.offline.InMemoryShoppingCartRepositoryTest" time="0.0"/>
  <testcase name="updates an existing cart()" classname="db.offline.InMemoryShoppingCartRepositoryTest" time="0.0"/>
  <system-out><![CDATA[]]></system-out>
  <system-err><![CDATA[]]></system-err>
</testsuite>
